D:\skydrive\Visual Studio Files\Projects\NewestLolDebugger\Debug\NewestLolDebugger.pdb
D:\skydrive\Visual Studio Files\Projects\NewestLolDebugger\NewestLolDebugger\Debug\cl.command.1.tlog
D:\skydrive\Visual Studio Files\Projects\NewestLolDebugger\NewestLolDebugger\Debug\CL.read.1.tlog
D:\skydrive\Visual Studio Files\Projects\NewestLolDebugger\NewestLolDebugger\Debug\CL.write.1.tlog
D:\SKYDRIVE\VISUAL STUDIO FILES\PROJECTS\NEWESTLOLDEBUGGER\NEWESTLOLDEBUGGER\DEBUG\GOAP_ACTIONS.OBJ
D:\SKYDRIVE\VISUAL STUDIO FILES\PROJECTS\NEWESTLOLDEBUGGER\NEWESTLOLDEBUGGER\DEBUG\GOAP_STATE.OBJ
D:\skydrive\Visual Studio Files\Projects\NewestLolDebugger\NewestLolDebugger\Debug\kernel.cu.cache
D:\skydrive\Visual Studio Files\Projects\NewestLolDebugger\NewestLolDebugger\Debug\kernel.cu.obj
D:\skydrive\Visual Studio Files\Projects\NewestLolDebugger\NewestLolDebugger\Debug\link.command.1.tlog
D:\skydrive\Visual Studio Files\Projects\NewestLolDebugger\NewestLolDebugger\Debug\link.read.1.tlog
D:\skydrive\Visual Studio Files\Projects\NewestLolDebugger\NewestLolDebugger\Debug\link.write.1.tlog
D:\skydrive\Visual Studio Files\Projects\NewestLolDebugger\NewestLolDebugger\Debug\link-cvtres.read.1.tlog
D:\skydrive\Visual Studio Files\Projects\NewestLolDebugger\NewestLolDebugger\Debug\link-cvtres.write.1.tlog
D:\skydrive\Visual Studio Files\Projects\NewestLolDebugger\NewestLolDebugger\Debug\NewestLolDebugger.exe.embed.manifest
D:\SKYDRIVE\VISUAL STUDIO FILES\PROJECTS\NEWESTLOLDEBUGGER\NEWESTLOLDEBUGGER\DEBUG\NEWESTLOLDEBUGGER.EXE.EMBED.MANIFEST.RES
D:\skydrive\Visual Studio Files\Projects\NewestLolDebugger\NewestLolDebugger\Debug\NewestLolDebugger.exe.intermediate.manifest
D:\skydrive\Visual Studio Files\Projects\NewestLolDebugger\NewestLolDebugger\Debug\NewestLolDebugger.write.1.tlog
D:\skydrive\Visual Studio Files\Projects\NewestLolDebugger\NewestLolDebugger\Debug\NewestLolDebugger_manifest.rc
D:\SKYDRIVE\VISUAL STUDIO FILES\PROJECTS\NEWESTLOLDEBUGGER\NEWESTLOLDEBUGGER\DEBUG\OCTREE.OBJ
D:\skydrive\Visual Studio Files\Projects\NewestLolDebugger\NewestLolDebugger\Debug\rc.command.1.tlog
D:\skydrive\Visual Studio Files\Projects\NewestLolDebugger\NewestLolDebugger\Debug\rc.read.1.tlog
D:\skydrive\Visual Studio Files\Projects\NewestLolDebugger\NewestLolDebugger\Debug\rc.write.1.tlog
D:\skydrive\Visual Studio Files\Projects\NewestLolDebugger\NewestLolDebugger\Debug\vc100.idb
D:\SKYDRIVE\VISUAL STUDIO FILES\PROJECTS\NEWESTLOLDEBUGGER\NEWESTLOLDEBUGGER\DEBUG\VC100.PDB
D:\SKYDRIVE\VISUAL STUDIO FILES\PROJECTS\NEWESTLOLDEBUGGER\NEWESTLOLDEBUGGER\DEBUG\VECTOR3.OBJ
D:\SKYDRIVE\VISUAL STUDIO FILES\PROJECTS\NEWESTLOLDEBUGGER\NEWESTLOLDEBUGGER\DEBUG\VECTOR4.OBJ
